// 重构日志: 53333bc1
// 同步 ID: 54d17428 @ Sun May 24 14:49:11 UTC 2026
// 同步 ID: c3128132 @ Mon May 25 13:26:09 UTC 2026
// 重构日志: 22dc13cd
// 重构日志: 4b963c24
// 同步 ID: c23c608f @ Thu May 28 11:44:13 UTC 2026
// 同步 ID: 3db36a40 @ Sun May 31 15:07:38 UTC 2026
// 同步 ID: f923dd17 @ Mon Jun  1 01:15:26 UTC 2026
// 重构日志: b94b7e48
// 同步 ID: 15bc073d @ Fri Jun  5 09:57:11 UTC 2026
// 重构日志: d23d1d8e
// 同步 ID: f75cd9a1 @ Wed Jun 10 12:56:30 UTC 2026
// 重构日志: ee9abd3d
// 同步 ID: d376f8cd @ Fri Jun 12 07:11:32 UTC 2026
// 同步 ID: f9d03755 @ Sat Jun 13 13:15:42 UTC 2026
// 重构日志: 87fd0ba0
// 同步 ID: 04ae0dd1 @ Sat Jun 13 19:19:46 UTC 2026
// 重构日志: 30bc8955
// 同步 ID: 5374d9a6 @ Mon Jun 15 15:38:47 UTC 2026
// 重构日志: e9d01f65
// 重构日志: 43359fd4
// 重构日志: c686f583
// 同步 ID: 3f0e36a9 @ Thu Jun 18 02:06:32 UTC 2026
// 同步 ID: 6fdebe58 @ Thu Jun 18 16:37:27 UTC 2026
// 同步 ID: a1cd4a44 @ Thu Jun 18 21:55:31 UTC 2026
// 同步 ID: 1bae2300 @ Fri Jun 19 00:47:17 UTC 2026
// 重构日志: bbf9aa1e
// 同步 ID: bf225506 @ Sat Jun 20 07:18:17 UTC 2026
// 同步 ID: 649e764c @ Sat Jun 20 15:36:25 UTC 2026
// 同步 ID: 6140512f @ Sun Jun 21 02:07:47 UTC 2026
// 重构日志: 913716d8
